{"D:\\_work\\P12_web\\p012\\src\\main.js": {"path":"D:\\_work\\P12_web\\p012\\src\\main.js","statementMap":{"0":{"start":{"line":26,"column":0},"end":{"line":26,"column":16}},"1":{"start":{"line":27,"column":0},"end":{"line":27,"column":16}},"2":{"start":{"line":28,"column":0},"end":{"line":28,"column":16}},"3":{"start":{"line":32,"column":12},"end":{"line":32,"column":26}},"4":{"start":{"line":34,"column":0},"end":{"line":40,"column":16}}},"fnMap":{},"branchMap":{},"s":{"0":0,"1":0,"2":0,"3":0,"4":0},"f":{},"b":{},"inputSourceMap":null}
,"D:\\_work\\P12_web\\p012\\src\\router.js": {"path":"D:\\_work\\P12_web\\p012\\src\\router.js","statementMap":{"0":{"start":{"line":9,"column":22},"end":{"line":9,"column":29}},"1":{"start":{"line":10,"column":16},"end":{"line":206,"column":2}},"2":{"start":{"line":25,"column":27},"end":{"line":25,"column":58}},"3":{"start":{"line":29,"column":27},"end":{"line":29,"column":72}},"4":{"start":{"line":33,"column":27},"end":{"line":33,"column":74}},"5":{"start":{"line":37,"column":27},"end":{"line":37,"column":73}},"6":{"start":{"line":41,"column":27},"end":{"line":41,"column":78}},"7":{"start":{"line":45,"column":27},"end":{"line":45,"column":77}},"8":{"start":{"line":49,"column":27},"end":{"line":49,"column":84}},"9":{"start":{"line":53,"column":27},"end":{"line":53,"column":77}},"10":{"start":{"line":57,"column":27},"end":{"line":57,"column":71}},"11":{"start":{"line":61,"column":27},"end":{"line":61,"column":79}},"12":{"start":{"line":65,"column":27},"end":{"line":65,"column":72}},"13":{"start":{"line":69,"column":27},"end":{"line":69,"column":76}},"14":{"start":{"line":73,"column":27},"end":{"line":73,"column":79}},"15":{"start":{"line":79,"column":27},"end":{"line":79,"column":76}},"16":{"start":{"line":83,"column":27},"end":{"line":83,"column":79}},"17":{"start":{"line":87,"column":27},"end":{"line":87,"column":82}},"18":{"start":{"line":91,"column":27},"end":{"line":91,"column":81}},"19":{"start":{"line":95,"column":27},"end":{"line":95,"column":78}},"20":{"start":{"line":99,"column":27},"end":{"line":99,"column":81}},"21":{"start":{"line":103,"column":27},"end":{"line":103,"column":81}},"22":{"start":{"line":107,"column":27},"end":{"line":107,"column":76}},"23":{"start":{"line":111,"column":27},"end":{"line":111,"column":77}},"24":{"start":{"line":117,"column":27},"end":{"line":117,"column":84}},"25":{"start":{"line":121,"column":27},"end":{"line":121,"column":84}},"26":{"start":{"line":125,"column":27},"end":{"line":125,"column":80}},"27":{"start":{"line":129,"column":27},"end":{"line":129,"column":82}},"28":{"start":{"line":134,"column":27},"end":{"line":134,"column":84}},"29":{"start":{"line":139,"column":27},"end":{"line":139,"column":88}},"30":{"start":{"line":144,"column":27},"end":{"line":144,"column":88}},"31":{"start":{"line":149,"column":27},"end":{"line":149,"column":95}},"32":{"start":{"line":154,"column":27},"end":{"line":154,"column":82}},"33":{"start":{"line":159,"column":27},"end":{"line":159,"column":88}},"34":{"start":{"line":164,"column":27},"end":{"line":164,"column":86}},"35":{"start":{"line":169,"column":27},"end":{"line":169,"column":92}},"36":{"start":{"line":174,"column":27},"end":{"line":174,"column":85}},"37":{"start":{"line":180,"column":27},"end":{"line":180,"column":88}},"38":{"start":{"line":184,"column":27},"end":{"line":184,"column":90}},"39":{"start":{"line":188,"column":27},"end":{"line":188,"column":87}},"40":{"start":{"line":192,"column":27},"end":{"line":192,"column":93}},"41":{"start":{"line":198,"column":27},"end":{"line":198,"column":69}},"42":{"start":{"line":204,"column":21},"end":{"line":204,"column":65}},"43":{"start":{"line":209,"column":14},"end":{"line":209,"column":51}},"44":{"start":{"line":210,"column":0},"end":{"line":210,"column":73}},"45":{"start":{"line":212,"column":0},"end":{"line":232,"column":2}},"46":{"start":{"line":213,"column":2},"end":{"line":213,"column":92}},"47":{"start":{"line":214,"column":20},"end":{"line":214,"column":24}},"48":{"start":{"line":215,"column":4},"end":{"line":215,"column":54}},"49":{"start":{"line":215,"column":38},"end":{"line":215,"column":53}},"50":{"start":{"line":216,"column":4},"end":{"line":216,"column":56}},"51":{"start":{"line":216,"column":39},"end":{"line":216,"column":56}},"52":{"start":{"line":219,"column":4},"end":{"line":231,"column":5}},"53":{"start":{"line":220,"column":8},"end":{"line":224,"column":9}},"54":{"start":{"line":221,"column":12},"end":{"line":221,"column":34}},"55":{"start":{"line":223,"column":12},"end":{"line":223,"column":18}},"56":{"start":{"line":226,"column":8},"end":{"line":230,"column":9}},"57":{"start":{"line":227,"column":12},"end":{"line":227,"column":35}},"58":{"start":{"line":229,"column":12},"end":{"line":229,"column":18}},"59":{"start":{"line":235,"column":2},"end":{"line":244,"column":6}},"60":{"start":{"line":237,"column":21},"end":{"line":237,"column":29}},"61":{"start":{"line":238,"column":8},"end":{"line":238,"column":57}},"62":{"start":{"line":239,"column":8},"end":{"line":239,"column":61}},"63":{"start":{"line":240,"column":8},"end":{"line":240,"column":55}},"64":{"start":{"line":241,"column":8},"end":{"line":243,"column":9}},"65":{"start":{"line":242,"column":12},"end":{"line":242,"column":81}},"66":{"start":{"line":248,"column":0},"end":{"line":253,"column":19}},"67":{"start":{"line":249,"column":4},"end":{"line":252,"column":6}},"68":{"start":{"line":250,"column":21},"end":{"line":250,"column":29}},"69":{"start":{"line":251,"column":8},"end":{"line":251,"column":36}},"70":{"start":{"line":251,"column":24},"end":{"line":251,"column":36}}},"fnMap":{"0":{"name":"(anonymous_0)","decl":{"start":{"line":25,"column":23},"end":{"line":25,"column":24}},"loc":{"start":{"line":25,"column":27},"end":{"line":25,"column":58}},"line":25},"1":{"name":"(anonymous_1)","decl":{"start":{"line":29,"column":23},"end":{"line":29,"column":24}},"loc":{"start":{"line":29,"column":27},"end":{"line":29,"column":72}},"line":29},"2":{"name":"(anonymous_2)","decl":{"start":{"line":33,"column":23},"end":{"line":33,"column":24}},"loc":{"start":{"line":33,"column":27},"end":{"line":33,"column":74}},"line":33},"3":{"name":"(anonymous_3)","decl":{"start":{"line":37,"column":23},"end":{"line":37,"column":24}},"loc":{"start":{"line":37,"column":27},"end":{"line":37,"column":73}},"line":37},"4":{"name":"(anonymous_4)","decl":{"start":{"line":41,"column":23},"end":{"line":41,"column":24}},"loc":{"start":{"line":41,"column":27},"end":{"line":41,"column":78}},"line":41},"5":{"name":"(anonymous_5)","decl":{"start":{"line":45,"column":23},"end":{"line":45,"column":24}},"loc":{"start":{"line":45,"column":27},"end":{"line":45,"column":77}},"line":45},"6":{"name":"(anonymous_6)","decl":{"start":{"line":49,"column":23},"end":{"line":49,"column":24}},"loc":{"start":{"line":49,"column":27},"end":{"line":49,"column":84}},"line":49},"7":{"name":"(anonymous_7)","decl":{"start":{"line":53,"column":23},"end":{"line":53,"column":24}},"loc":{"start":{"line":53,"column":27},"end":{"line":53,"column":77}},"line":53},"8":{"name":"(anonymous_8)","decl":{"start":{"line":57,"column":23},"end":{"line":57,"column":24}},"loc":{"start":{"line":57,"column":27},"end":{"line":57,"column":71}},"line":57},"9":{"name":"(anonymous_9)","decl":{"start":{"line":61,"column":23},"end":{"line":61,"column":24}},"loc":{"start":{"line":61,"column":27},"end":{"line":61,"column":79}},"line":61},"10":{"name":"(anonymous_10)","decl":{"start":{"line":65,"column":23},"end":{"line":65,"column":24}},"loc":{"start":{"line":65,"column":27},"end":{"line":65,"column":72}},"line":65},"11":{"name":"(anonymous_11)","decl":{"start":{"line":69,"column":23},"end":{"line":69,"column":24}},"loc":{"start":{"line":69,"column":27},"end":{"line":69,"column":76}},"line":69},"12":{"name":"(anonymous_12)","decl":{"start":{"line":73,"column":23},"end":{"line":73,"column":24}},"loc":{"start":{"line":73,"column":27},"end":{"line":73,"column":79}},"line":73},"13":{"name":"(anonymous_13)","decl":{"start":{"line":79,"column":23},"end":{"line":79,"column":24}},"loc":{"start":{"line":79,"column":27},"end":{"line":79,"column":76}},"line":79},"14":{"name":"(anonymous_14)","decl":{"start":{"line":83,"column":23},"end":{"line":83,"column":24}},"loc":{"start":{"line":83,"column":27},"end":{"line":83,"column":79}},"line":83},"15":{"name":"(anonymous_15)","decl":{"start":{"line":87,"column":23},"end":{"line":87,"column":24}},"loc":{"start":{"line":87,"column":27},"end":{"line":87,"column":82}},"line":87},"16":{"name":"(anonymous_16)","decl":{"start":{"line":91,"column":23},"end":{"line":91,"column":24}},"loc":{"start":{"line":91,"column":27},"end":{"line":91,"column":81}},"line":91},"17":{"name":"(anonymous_17)","decl":{"start":{"line":95,"column":23},"end":{"line":95,"column":24}},"loc":{"start":{"line":95,"column":27},"end":{"line":95,"column":78}},"line":95},"18":{"name":"(anonymous_18)","decl":{"start":{"line":99,"column":23},"end":{"line":99,"column":24}},"loc":{"start":{"line":99,"column":27},"end":{"line":99,"column":81}},"line":99},"19":{"name":"(anonymous_19)","decl":{"start":{"line":103,"column":23},"end":{"line":103,"column":24}},"loc":{"start":{"line":103,"column":27},"end":{"line":103,"column":81}},"line":103},"20":{"name":"(anonymous_20)","decl":{"start":{"line":107,"column":23},"end":{"line":107,"column":24}},"loc":{"start":{"line":107,"column":27},"end":{"line":107,"column":76}},"line":107},"21":{"name":"(anonymous_21)","decl":{"start":{"line":111,"column":23},"end":{"line":111,"column":24}},"loc":{"start":{"line":111,"column":27},"end":{"line":111,"column":77}},"line":111},"22":{"name":"(anonymous_22)","decl":{"start":{"line":117,"column":23},"end":{"line":117,"column":24}},"loc":{"start":{"line":117,"column":27},"end":{"line":117,"column":84}},"line":117},"23":{"name":"(anonymous_23)","decl":{"start":{"line":121,"column":23},"end":{"line":121,"column":24}},"loc":{"start":{"line":121,"column":27},"end":{"line":121,"column":84}},"line":121},"24":{"name":"(anonymous_24)","decl":{"start":{"line":125,"column":23},"end":{"line":125,"column":24}},"loc":{"start":{"line":125,"column":27},"end":{"line":125,"column":80}},"line":125},"25":{"name":"(anonymous_25)","decl":{"start":{"line":129,"column":23},"end":{"line":129,"column":24}},"loc":{"start":{"line":129,"column":27},"end":{"line":129,"column":82}},"line":129},"26":{"name":"(anonymous_26)","decl":{"start":{"line":134,"column":23},"end":{"line":134,"column":24}},"loc":{"start":{"line":134,"column":27},"end":{"line":134,"column":84}},"line":134},"27":{"name":"(anonymous_27)","decl":{"start":{"line":139,"column":23},"end":{"line":139,"column":24}},"loc":{"start":{"line":139,"column":27},"end":{"line":139,"column":88}},"line":139},"28":{"name":"(anonymous_28)","decl":{"start":{"line":144,"column":23},"end":{"line":144,"column":24}},"loc":{"start":{"line":144,"column":27},"end":{"line":144,"column":88}},"line":144},"29":{"name":"(anonymous_29)","decl":{"start":{"line":149,"column":23},"end":{"line":149,"column":24}},"loc":{"start":{"line":149,"column":27},"end":{"line":149,"column":95}},"line":149},"30":{"name":"(anonymous_30)","decl":{"start":{"line":154,"column":23},"end":{"line":154,"column":24}},"loc":{"start":{"line":154,"column":27},"end":{"line":154,"column":82}},"line":154},"31":{"name":"(anonymous_31)","decl":{"start":{"line":159,"column":23},"end":{"line":159,"column":24}},"loc":{"start":{"line":159,"column":27},"end":{"line":159,"column":88}},"line":159},"32":{"name":"(anonymous_32)","decl":{"start":{"line":164,"column":23},"end":{"line":164,"column":24}},"loc":{"start":{"line":164,"column":27},"end":{"line":164,"column":86}},"line":164},"33":{"name":"(anonymous_33)","decl":{"start":{"line":169,"column":23},"end":{"line":169,"column":24}},"loc":{"start":{"line":169,"column":27},"end":{"line":169,"column":92}},"line":169},"34":{"name":"(anonymous_34)","decl":{"start":{"line":174,"column":23},"end":{"line":174,"column":24}},"loc":{"start":{"line":174,"column":27},"end":{"line":174,"column":85}},"line":174},"35":{"name":"(anonymous_35)","decl":{"start":{"line":180,"column":23},"end":{"line":180,"column":24}},"loc":{"start":{"line":180,"column":27},"end":{"line":180,"column":88}},"line":180},"36":{"name":"(anonymous_36)","decl":{"start":{"line":184,"column":23},"end":{"line":184,"column":24}},"loc":{"start":{"line":184,"column":27},"end":{"line":184,"column":90}},"line":184},"37":{"name":"(anonymous_37)","decl":{"start":{"line":188,"column":23},"end":{"line":188,"column":24}},"loc":{"start":{"line":188,"column":27},"end":{"line":188,"column":87}},"line":188},"38":{"name":"(anonymous_38)","decl":{"start":{"line":192,"column":23},"end":{"line":192,"column":24}},"loc":{"start":{"line":192,"column":27},"end":{"line":192,"column":93}},"line":192},"39":{"name":"(anonymous_39)","decl":{"start":{"line":198,"column":23},"end":{"line":198,"column":24}},"loc":{"start":{"line":198,"column":27},"end":{"line":198,"column":69}},"line":198},"40":{"name":"(anonymous_40)","decl":{"start":{"line":204,"column":17},"end":{"line":204,"column":18}},"loc":{"start":{"line":204,"column":21},"end":{"line":204,"column":65}},"line":204},"41":{"name":"(anonymous_41)","decl":{"start":{"line":212,"column":18},"end":{"line":212,"column":19}},"loc":{"start":{"line":212,"column":43},"end":{"line":232,"column":1}},"line":212},"42":{"name":"(anonymous_42)","decl":{"start":{"line":215,"column":34},"end":{"line":215,"column":35}},"loc":{"start":{"line":215,"column":38},"end":{"line":215,"column":53}},"line":215},"43":{"name":"storageUserData","decl":{"start":{"line":234,"column":15},"end":{"line":234,"column":30}},"loc":{"start":{"line":234,"column":33},"end":{"line":245,"column":1}},"line":234},"44":{"name":"(anonymous_44)","decl":{"start":{"line":236,"column":10},"end":{"line":236,"column":11}},"loc":{"start":{"line":236,"column":19},"end":{"line":244,"column":5}},"line":236},"45":{"name":"(anonymous_45)","decl":{"start":{"line":248,"column":12},"end":{"line":248,"column":13}},"loc":{"start":{"line":248,"column":18},"end":{"line":253,"column":1}},"line":248},"46":{"name":"(anonymous_46)","decl":{"start":{"line":249,"column":42},"end":{"line":249,"column":43}},"loc":{"start":{"line":249,"column":51},"end":{"line":252,"column":5}},"line":249}},"branchMap":{"0":{"loc":{"start":{"line":209,"column":14},"end":{"line":209,"column":51}},"type":"binary-expr","locations":[{"start":{"line":209,"column":14},"end":{"line":209,"column":43}},{"start":{"line":209,"column":47},"end":{"line":209,"column":51}}],"line":209},"1":{"loc":{"start":{"line":213,"column":20},"end":{"line":213,"column":91}},"type":"cond-expr","locations":[{"start":{"line":213,"column":36},"end":{"line":213,"column":75}},{"start":{"line":213,"column":78},"end":{"line":213,"column":91}}],"line":213},"2":{"loc":{"start":{"line":216,"column":4},"end":{"line":216,"column":56}},"type":"if","locations":[{"start":{"line":216,"column":4},"end":{"line":216,"column":56}},{"start":{},"end":{}}],"line":216},"3":{"loc":{"start":{"line":219,"column":4},"end":{"line":231,"column":5}},"type":"if","locations":[{"start":{"line":219,"column":4},"end":{"line":231,"column":5}},{"start":{"line":225,"column":11},"end":{"line":231,"column":5}}],"line":219},"4":{"loc":{"start":{"line":220,"column":8},"end":{"line":224,"column":9}},"type":"if","locations":[{"start":{"line":220,"column":8},"end":{"line":224,"column":9}},{"start":{"line":222,"column":15},"end":{"line":224,"column":9}}],"line":220},"5":{"loc":{"start":{"line":226,"column":8},"end":{"line":230,"column":9}},"type":"if","locations":[{"start":{"line":226,"column":8},"end":{"line":230,"column":9}},{"start":{"line":228,"column":15},"end":{"line":230,"column":9}}],"line":226},"6":{"loc":{"start":{"line":238,"column":37},"end":{"line":238,"column":56}},"type":"binary-expr","locations":[{"start":{"line":238,"column":37},"end":{"line":238,"column":50}},{"start":{"line":238,"column":54},"end":{"line":238,"column":56}}],"line":238},"7":{"loc":{"start":{"line":239,"column":41},"end":{"line":239,"column":60}},"type":"binary-expr","locations":[{"start":{"line":239,"column":41},"end":{"line":239,"column":54}},{"start":{"line":239,"column":58},"end":{"line":239,"column":60}}],"line":239},"8":{"loc":{"start":{"line":240,"column":38},"end":{"line":240,"column":54}},"type":"binary-expr","locations":[{"start":{"line":240,"column":38},"end":{"line":240,"column":48}},{"start":{"line":240,"column":52},"end":{"line":240,"column":54}}],"line":240},"9":{"loc":{"start":{"line":241,"column":8},"end":{"line":243,"column":9}},"type":"if","locations":[{"start":{"line":241,"column":8},"end":{"line":243,"column":9}},{"start":{},"end":{}}],"line":241},"10":{"loc":{"start":{"line":251,"column":8},"end":{"line":251,"column":36}},"type":"if","locations":[{"start":{"line":251,"column":8},"end":{"line":251,"column":36}},{"start":{},"end":{}}],"line":251}},"s":{"0":0,"1":0,"2":0,"3":0,"4":0,"5":0,"6":0,"7":0,"8":0,"9":0,"10":0,"11":0,"12":0,"13":0,"14":0,"15":0,"16":0,"17":0,"18":0,"19":0,"20":0,"21":0,"22":0,"23":0,"24":0,"25":0,"26":0,"27":0,"28":0,"29":0,"30":0,"31":0,"32":0,"33":0,"34":0,"35":0,"36":0,"37":0,"38":0,"39":0,"40":0,"41":0,"42":0,"43":0,"44":0,"45":0,"46":0,"47":0,"48":0,"49":0,"50":0,"51":0,"52":0,"53":0,"54":0,"55":0,"56":0,"57":0,"58":0,"59":0,"60":0,"61":0,"62":0,"63":0,"64":0,"65":0,"66":0,"67":0,"68":0,"69":0,"70":0},"f":{"0":0,"1":0,"2":0,"3":0,"4":0,"5":0,"6":0,"7":0,"8":0,"9":0,"10":0,"11":0,"12":0,"13":0,"14":0,"15":0,"16":0,"17":0,"18":0,"19":0,"20":0,"21":0,"22":0,"23":0,"24":0,"25":0,"26":0,"27":0,"28":0,"29":0,"30":0,"31":0,"32":0,"33":0,"34":0,"35":0,"36":0,"37":0,"38":0,"39":0,"40":0,"41":0,"42":0,"43":0,"44":0,"45":0,"46":0},"b":{"0":[0,0],"1":[0,0],"2":[0,0],"3":[0,0],"4":[0,0],"5":[0,0],"6":[0,0],"7":[0,0],"8":[0,0],"9":[0,0],"10":[0,0]},"inputSourceMap":null}
,"D:\\_work\\P12_web\\p012\\src\\store.js": {"path":"D:\\_work\\P12_web\\p012\\src\\store.js","statementMap":{"0":{"start":{"line":2,"column":14},"end":{"line":15,"column":2}},"1":{"start":{"line":7,"column":19},"end":{"line":7,"column":29}},"2":{"start":{"line":12,"column":6},"end":{"line":12,"column":23}}},"fnMap":{"0":{"name":"(anonymous_0)","decl":{"start":{"line":7,"column":10},"end":{"line":7,"column":11}},"loc":{"start":{"line":7,"column":19},"end":{"line":7,"column":29}},"line":7},"1":{"name":"(anonymous_1)","decl":{"start":{"line":11,"column":4},"end":{"line":11,"column":5}},"loc":{"start":{"line":11,"column":25},"end":{"line":13,"column":5}},"line":11}},"branchMap":{},"s":{"0":0,"1":0,"2":0},"f":{"0":0,"1":0},"b":{},"inputSourceMap":null}
,"D:\\_work\\P12_web\\p012\\src\\components\\downloadCsv.js": {"path":"D:\\_work\\P12_web\\p012\\src\\components\\downloadCsv.js","statementMap":{"0":{"start":{"line":2,"column":16},"end":{"line":2,"column":24}},"1":{"start":{"line":3,"column":19},"end":{"line":3,"column":62}},"2":{"start":{"line":3,"column":35},"end":{"line":3,"column":62}},"3":{"start":{"line":4,"column":17},"end":{"line":4,"column":38}},"4":{"start":{"line":5,"column":14},"end":{"line":8,"column":16}},"5":{"start":{"line":7,"column":24},"end":{"line":7,"column":99}},"6":{"start":{"line":7,"column":48},"end":{"line":7,"column":88}},"7":{"start":{"line":9,"column":19},"end":{"line":9,"column":55}}},"fnMap":{"0":{"name":"downloadCsv","decl":{"start":{"line":1,"column":9},"end":{"line":1,"column":20}},"loc":{"start":{"line":1,"column":23},"end":{"line":10,"column":1}},"line":1},"1":{"name":"(anonymous_1)","decl":{"start":{"line":3,"column":19},"end":{"line":3,"column":20}},"loc":{"start":{"line":3,"column":35},"end":{"line":3,"column":62}},"line":3},"2":{"name":"(anonymous_2)","decl":{"start":{"line":7,"column":17},"end":{"line":7,"column":18}},"loc":{"start":{"line":7,"column":24},"end":{"line":7,"column":99}},"line":7},"3":{"name":"(anonymous_3)","decl":{"start":{"line":7,"column":35},"end":{"line":7,"column":36}},"loc":{"start":{"line":7,"column":48},"end":{"line":7,"column":88}},"line":7}},"branchMap":{"0":{"loc":{"start":{"line":3,"column":35},"end":{"line":3,"column":62}},"type":"cond-expr","locations":[{"start":{"line":3,"column":52},"end":{"line":3,"column":54}},{"start":{"line":3,"column":57},"end":{"line":3,"column":62}}],"line":3}},"s":{"0":0,"1":0,"2":0,"3":0,"4":0,"5":0,"6":0,"7":0},"f":{"0":0,"1":0,"2":0,"3":0},"b":{"0":[0,0]},"inputSourceMap":null}
,"D:\\_work\\P12_web\\p012\\src\\components\\api_data\\userData.js": {"path":"D:\\_work\\P12_web\\p012\\src\\components\\api_data\\userData.js","statementMap":{},"fnMap":{},"branchMap":{},"s":{},"f":{},"b":{},"inputSourceMap":null}
,"D:\\_work\\P12_web\\p012\\src\\components\\bc_api\\run.js": {"path":"D:\\_work\\P12_web\\p012\\src\\components\\bc_api\\run.js","statementMap":{"0":{"start":{"line":3,"column":12},"end":{"line":3,"column":68}},"1":{"start":{"line":4,"column":20},"end":{"line":11,"column":1}},"2":{"start":{"line":12,"column":20},"end":{"line":22,"column":1}},"3":{"start":{"line":24,"column":19},"end":{"line":35,"column":4}},"4":{"start":{"line":36,"column":2},"end":{"line":36,"column":25}},"5":{"start":{"line":40,"column":15},"end":{"line":40,"column":33}},"6":{"start":{"line":41,"column":2},"end":{"line":41,"column":25}},"7":{"start":{"line":42,"column":2},"end":{"line":42,"column":24}},"8":{"start":{"line":43,"column":2},"end":{"line":43,"column":41}},"9":{"start":{"line":44,"column":2},"end":{"line":44,"column":27}},"10":{"start":{"line":47,"column":2},"end":{"line":50,"column":4}},"11":{"start":{"line":48,"column":4},"end":{"line":48,"column":14}},"12":{"start":{"line":49,"column":4},"end":{"line":49,"column":21}},"13":{"start":{"line":54,"column":15},"end":{"line":54,"column":33}},"14":{"start":{"line":55,"column":2},"end":{"line":55,"column":31}},"15":{"start":{"line":56,"column":2},"end":{"line":56,"column":40}},"16":{"start":{"line":57,"column":2},"end":{"line":57,"column":42}},"17":{"start":{"line":58,"column":2},"end":{"line":58,"column":24}},"18":{"start":{"line":61,"column":2},"end":{"line":64,"column":4}},"19":{"start":{"line":62,"column":4},"end":{"line":62,"column":14}},"20":{"start":{"line":63,"column":4},"end":{"line":63,"column":21}},"21":{"start":{"line":68,"column":15},"end":{"line":68,"column":33}},"22":{"start":{"line":69,"column":2},"end":{"line":69,"column":25}},"23":{"start":{"line":70,"column":2},"end":{"line":70,"column":24}},"24":{"start":{"line":71,"column":2},"end":{"line":71,"column":49}},"25":{"start":{"line":72,"column":2},"end":{"line":72,"column":29}},"26":{"start":{"line":74,"column":2},"end":{"line":74,"column":33}},"27":{"start":{"line":78,"column":2},"end":{"line":80,"column":4}},"28":{"start":{"line":84,"column":2},"end":{"line":86,"column":4}},"29":{"start":{"line":90,"column":15},"end":{"line":90,"column":33}},"30":{"start":{"line":91,"column":2},"end":{"line":91,"column":25}},"31":{"start":{"line":92,"column":2},"end":{"line":92,"column":24}},"32":{"start":{"line":93,"column":2},"end":{"line":93,"column":55}},"33":{"start":{"line":94,"column":2},"end":{"line":94,"column":29}},"34":{"start":{"line":96,"column":2},"end":{"line":96,"column":33}},"35":{"start":{"line":100,"column":2},"end":{"line":102,"column":4}},"36":{"start":{"line":106,"column":2},"end":{"line":108,"column":4}}},"fnMap":{"0":{"name":"getData","decl":{"start":{"line":23,"column":15},"end":{"line":23,"column":22}},"loc":{"start":{"line":23,"column":34},"end":{"line":37,"column":1}},"line":23},"1":{"name":"runScript","decl":{"start":{"line":39,"column":22},"end":{"line":39,"column":31}},"loc":{"start":{"line":39,"column":34},"end":{"line":51,"column":1}},"line":39},"2":{"name":"(anonymous_2)","decl":{"start":{"line":47,"column":32},"end":{"line":47,"column":33}},"loc":{"start":{"line":47,"column":40},"end":{"line":50,"column":3}},"line":47},"3":{"name":"getEntityPage","decl":{"start":{"line":53,"column":22},"end":{"line":53,"column":35}},"loc":{"start":{"line":53,"column":38},"end":{"line":65,"column":1}},"line":53},"4":{"name":"(anonymous_4)","decl":{"start":{"line":61,"column":32},"end":{"line":61,"column":33}},"loc":{"start":{"line":61,"column":40},"end":{"line":64,"column":3}},"line":61},"5":{"name":"getUserData","decl":{"start":{"line":67,"column":22},"end":{"line":67,"column":33}},"loc":{"start":{"line":67,"column":40},"end":{"line":75,"column":1}},"line":67},"6":{"name":"getUserDataByPid","decl":{"start":{"line":77,"column":22},"end":{"line":77,"column":38}},"loc":{"start":{"line":77,"column":44},"end":{"line":81,"column":1}},"line":77},"7":{"name":"getUserDataByName","decl":{"start":{"line":83,"column":22},"end":{"line":83,"column":39}},"loc":{"start":{"line":83,"column":52},"end":{"line":87,"column":1}},"line":83},"8":{"name":"getUserCharacters","decl":{"start":{"line":89,"column":22},"end":{"line":89,"column":39}},"loc":{"start":{"line":89,"column":46},"end":{"line":97,"column":1}},"line":89},"9":{"name":"getUserCharactersByPid","decl":{"start":{"line":99,"column":22},"end":{"line":99,"column":44}},"loc":{"start":{"line":99,"column":50},"end":{"line":103,"column":1}},"line":99},"10":{"name":"getUserCharactersByName","decl":{"start":{"line":105,"column":22},"end":{"line":105,"column":45}},"loc":{"start":{"line":105,"column":58},"end":{"line":109,"column":1}},"line":105}},"branchMap":{},"s":{"0":0,"1":0,"2":0,"3":0,"4":0,"5":0,"6":0,"7":0,"8":0,"9":0,"10":0,"11":0,"12":0,"13":0,"14":0,"15":0,"16":0,"17":0,"18":0,"19":0,"20":0,"21":0,"22":0,"23":0,"24":0,"25":0,"26":0,"27":0,"28":0,"29":0,"30":0,"31":0,"32":0,"33":0,"34":0,"35":0,"36":0},"f":{"0":0,"1":0,"2":0,"3":0,"4":0,"5":0,"6":0,"7":0,"8":0,"9":0,"10":0},"b":{},"inputSourceMap":null}
,"D:\\_work\\P12_web\\p012\\src\\components\\fill_data\\IapData.js": {"path":"D:\\_work\\P12_web\\p012\\src\\components\\fill_data\\IapData.js","statementMap":{},"fnMap":{},"branchMap":{},"s":{},"f":{},"b":{},"inputSourceMap":null}
,"D:\\_work\\P12_web\\p012\\src\\components\\fill_data\\adClick.js": {"path":"D:\\_work\\P12_web\\p012\\src\\components\\fill_data\\adClick.js","statementMap":{},"fnMap":{},"branchMap":{},"s":{},"f":{},"b":{},"inputSourceMap":null}
,"D:\\_work\\P12_web\\p012\\src\\components\\fill_data\\bindData.js": {"path":"D:\\_work\\P12_web\\p012\\src\\components\\fill_data\\bindData.js","statementMap":{},"fnMap":{},"branchMap":{},"s":{},"f":{},"b":{},"inputSourceMap":null}
,"D:\\_work\\P12_web\\p012\\src\\components\\fill_data\\charactersData.js": {"path":"D:\\_work\\P12_web\\p012\\src\\components\\fill_data\\charactersData.js","statementMap":{},"fnMap":{},"branchMap":{},"s":{},"f":{},"b":{},"inputSourceMap":null}
,"D:\\_work\\P12_web\\p012\\src\\components\\fill_data\\charactersTotal.js": {"path":"D:\\_work\\P12_web\\p012\\src\\components\\fill_data\\charactersTotal.js","statementMap":{"0":{"start":{"line":1,"column":21},"end":{"line":114,"column":4}},"1":{"start":{"line":116,"column":23},"end":{"line":177,"column":2}},"2":{"start":{"line":179,"column":24},"end":{"line":228,"column":2}}},"fnMap":{},"branchMap":{},"s":{"0":0,"1":0,"2":0},"f":{},"b":{},"inputSourceMap":null}
,"D:\\_work\\P12_web\\p012\\src\\components\\fill_data\\charactersUpdate.js": {"path":"D:\\_work\\P12_web\\p012\\src\\components\\fill_data\\charactersUpdate.js","statementMap":{},"fnMap":{},"branchMap":{},"s":{},"f":{},"b":{},"inputSourceMap":null}
,"D:\\_work\\P12_web\\p012\\src\\components\\fill_data\\dailySpinData.js": {"path":"D:\\_work\\P12_web\\p012\\src\\components\\fill_data\\dailySpinData.js","statementMap":{},"fnMap":{},"branchMap":{},"s":{},"f":{},"b":{},"inputSourceMap":null}
,"D:\\_work\\P12_web\\p012\\src\\components\\fill_data\\deleteResourceList.js": {"path":"D:\\_work\\P12_web\\p012\\src\\components\\fill_data\\deleteResourceList.js","statementMap":{},"fnMap":{},"branchMap":{},"s":{},"f":{},"b":{},"inputSourceMap":null}
,"D:\\_work\\P12_web\\p012\\src\\components\\fill_data\\eventData.js": {"path":"D:\\_work\\P12_web\\p012\\src\\components\\fill_data\\eventData.js","statementMap":{},"fnMap":{},"branchMap":{},"s":{},"f":{},"b":{},"inputSourceMap":null}
,"D:\\_work\\P12_web\\p012\\src\\components\\fill_data\\giftboxList.js": {"path":"D:\\_work\\P12_web\\p012\\src\\components\\fill_data\\giftboxList.js","statementMap":{},"fnMap":{},"branchMap":{},"s":{},"f":{},"b":{},"inputSourceMap":null}
,"D:\\_work\\P12_web\\p012\\src\\components\\fill_data\\lockOutUser.js": {"path":"D:\\_work\\P12_web\\p012\\src\\components\\fill_data\\lockOutUser.js","statementMap":{},"fnMap":{},"branchMap":{},"s":{},"f":{},"b":{},"inputSourceMap":null}
,"D:\\_work\\P12_web\\p012\\src\\components\\fill_data\\loginData.js": {"path":"D:\\_work\\P12_web\\p012\\src\\components\\fill_data\\loginData.js","statementMap":{},"fnMap":{},"branchMap":{},"s":{},"f":{},"b":{},"inputSourceMap":null}
,"D:\\_work\\P12_web\\p012\\src\\components\\fill_data\\mailData.js": {"path":"D:\\_work\\P12_web\\p012\\src\\components\\fill_data\\mailData.js","statementMap":{},"fnMap":{},"branchMap":{},"s":{},"f":{},"b":{},"inputSourceMap":null}
,"D:\\_work\\P12_web\\p012\\src\\components\\fill_data\\mallData.js": {"path":"D:\\_work\\P12_web\\p012\\src\\components\\fill_data\\mallData.js","statementMap":{},"fnMap":{},"branchMap":{},"s":{},"f":{},"b":{},"inputSourceMap":null}
,"D:\\_work\\P12_web\\p012\\src\\components\\fill_data\\receiveLifeData.js": {"path":"D:\\_work\\P12_web\\p012\\src\\components\\fill_data\\receiveLifeData.js","statementMap":{},"fnMap":{},"branchMap":{},"s":{},"f":{},"b":{},"inputSourceMap":null}
,"D:\\_work\\P12_web\\p012\\src\\components\\fill_data\\reflowData.js": {"path":"D:\\_work\\P12_web\\p012\\src\\components\\fill_data\\reflowData.js","statementMap":{"0":{"start":{"line":1,"column":15},"end":{"line":262,"column":1}},"1":{"start":{"line":264,"column":16},"end":{"line":325,"column":1}}},"fnMap":{},"branchMap":{},"s":{"0":0,"1":0},"f":{},"b":{},"inputSourceMap":null}
,"D:\\_work\\P12_web\\p012\\src\\components\\fill_data\\resourcesTotal.js": {"path":"D:\\_work\\P12_web\\p012\\src\\components\\fill_data\\resourcesTotal.js","statementMap":{},"fnMap":{},"branchMap":{},"s":{},"f":{},"b":{},"inputSourceMap":null}
,"D:\\_work\\P12_web\\p012\\src\\components\\fill_data\\retentionData.js": {"path":"D:\\_work\\P12_web\\p012\\src\\components\\fill_data\\retentionData.js","statementMap":{"0":{"start":{"line":1,"column":14},"end":{"line":1338,"column":4}},"1":{"start":{"line":1339,"column":15},"end":{"line":1552,"column":2}},"2":{"start":{"line":1553,"column":16},"end":{"line":1602,"column":2}}},"fnMap":{},"branchMap":{},"s":{"0":0,"1":0,"2":0},"f":{},"b":{},"inputSourceMap":null}
,"D:\\_work\\P12_web\\p012\\src\\components\\fill_data\\serialCodeList.js": {"path":"D:\\_work\\P12_web\\p012\\src\\components\\fill_data\\serialCodeList.js","statementMap":{},"fnMap":{},"branchMap":{},"s":{},"f":{},"b":{},"inputSourceMap":null}
,"D:\\_work\\P12_web\\p012\\src\\components\\fill_data\\serverData.js": {"path":"D:\\_work\\P12_web\\p012\\src\\components\\fill_data\\serverData.js","statementMap":{},"fnMap":{},"branchMap":{},"s":{},"f":{},"b":{},"inputSourceMap":null}
,"D:\\_work\\P12_web\\p012\\src\\components\\fill_data\\serverLog.js": {"path":"D:\\_work\\P12_web\\p012\\src\\components\\fill_data\\serverLog.js","statementMap":{},"fnMap":{},"branchMap":{},"s":{},"f":{},"b":{},"inputSourceMap":null}
,"D:\\_work\\P12_web\\p012\\src\\components\\fill_data\\serverMail.js": {"path":"D:\\_work\\P12_web\\p012\\src\\components\\fill_data\\serverMail.js","statementMap":{},"fnMap":{},"branchMap":{},"s":{},"f":{},"b":{},"inputSourceMap":null}
,"D:\\_work\\P12_web\\p012\\src\\components\\fill_data\\serverStatus.js": {"path":"D:\\_work\\P12_web\\p012\\src\\components\\fill_data\\serverStatus.js","statementMap":{},"fnMap":{},"branchMap":{},"s":{},"f":{},"b":{},"inputSourceMap":null}
,"D:\\_work\\P12_web\\p012\\src\\components\\fill_data\\stageData.js": {"path":"D:\\_work\\P12_web\\p012\\src\\components\\fill_data\\stageData.js","statementMap":{},"fnMap":{},"branchMap":{},"s":{},"f":{},"b":{},"inputSourceMap":null}
,"D:\\_work\\P12_web\\p012\\src\\components\\fill_data\\userData.js": {"path":"D:\\_work\\P12_web\\p012\\src\\components\\fill_data\\userData.js","statementMap":{"0":{"start":{"line":1,"column":20},"end":{"line":16,"column":1}},"1":{"start":{"line":17,"column":17},"end":{"line":31,"column":1}}},"fnMap":{},"branchMap":{},"s":{"0":0,"1":0},"f":{},"b":{},"inputSourceMap":null}
,"D:\\_work\\P12_web\\p012\\src\\js\\firebase.js": {"path":"D:\\_work\\P12_web\\p012\\src\\js\\firebase.js","statementMap":{"0":{"start":{"line":5,"column":23},"end":{"line":13,"column":1}},"1":{"start":{"line":16,"column":21},"end":{"line":16,"column":50}},"2":{"start":{"line":17,"column":21},"end":{"line":17,"column":41}},"3":{"start":{"line":18,"column":0},"end":{"line":18,"column":36}}},"fnMap":{},"branchMap":{},"s":{"0":0,"1":0,"2":0,"3":0},"f":{},"b":{},"inputSourceMap":null}
,"D:\\_work\\P12_web\\p012\\src\\js\\mainMenuList.js": {"path":"D:\\_work\\P12_web\\p012\\src\\js\\mainMenuList.js","statementMap":{},"fnMap":{},"branchMap":{},"s":{},"f":{},"b":{},"inputSourceMap":null}
}
