TN:
SF:src\main.js
FNF:0
FNH:0
DA:26,0
DA:27,0
DA:28,0
DA:32,0
DA:34,0
LF:5
LH:0
BRF:0
BRH:0
end_of_record
TN:
SF:src\router.js
FN:25,(anonymous_0)
FN:29,(anonymous_1)
FN:33,(anonymous_2)
FN:37,(anonymous_3)
FN:41,(anonymous_4)
FN:45,(anonymous_5)
FN:49,(anonymous_6)
FN:53,(anonymous_7)
FN:57,(anonymous_8)
FN:61,(anonymous_9)
FN:65,(anonymous_10)
FN:69,(anonymous_11)
FN:73,(anonymous_12)
FN:79,(anonymous_13)
FN:83,(anonymous_14)
FN:87,(anonymous_15)
FN:91,(anonymous_16)
FN:95,(anonymous_17)
FN:99,(anonymous_18)
FN:103,(anonymous_19)
FN:107,(anonymous_20)
FN:111,(anonymous_21)
FN:117,(anonymous_22)
FN:121,(anonymous_23)
FN:125,(anonymous_24)
FN:129,(anonymous_25)
FN:134,(anonymous_26)
FN:139,(anonymous_27)
FN:144,(anonymous_28)
FN:149,(anonymous_29)
FN:154,(anonymous_30)
FN:159,(anonymous_31)
FN:164,(anonymous_32)
FN:169,(anonymous_33)
FN:174,(anonymous_34)
FN:180,(anonymous_35)
FN:184,(anonymous_36)
FN:188,(anonymous_37)
FN:192,(anonymous_38)
FN:198,(anonymous_39)
FN:204,(anonymous_40)
FN:212,(anonymous_41)
FN:215,(anonymous_42)
FN:234,storageUserData
FN:236,(anonymous_44)
FN:248,(anonymous_45)
FN:249,(anonymous_46)
FNF:47
FNH:0
FNDA:0,(anonymous_0)
FNDA:0,(anonymous_1)
FNDA:0,(anonymous_2)
FNDA:0,(anonymous_3)
FNDA:0,(anonymous_4)
FNDA:0,(anonymous_5)
FNDA:0,(anonymous_6)
FNDA:0,(anonymous_7)
FNDA:0,(anonymous_8)
FNDA:0,(anonymous_9)
FNDA:0,(anonymous_10)
FNDA:0,(anonymous_11)
FNDA:0,(anonymous_12)
FNDA:0,(anonymous_13)
FNDA:0,(anonymous_14)
FNDA:0,(anonymous_15)
FNDA:0,(anonymous_16)
FNDA:0,(anonymous_17)
FNDA:0,(anonymous_18)
FNDA:0,(anonymous_19)
FNDA:0,(anonymous_20)
FNDA:0,(anonymous_21)
FNDA:0,(anonymous_22)
FNDA:0,(anonymous_23)
FNDA:0,(anonymous_24)
FNDA:0,(anonymous_25)
FNDA:0,(anonymous_26)
FNDA:0,(anonymous_27)
FNDA:0,(anonymous_28)
FNDA:0,(anonymous_29)
FNDA:0,(anonymous_30)
FNDA:0,(anonymous_31)
FNDA:0,(anonymous_32)
FNDA:0,(anonymous_33)
FNDA:0,(anonymous_34)
FNDA:0,(anonymous_35)
FNDA:0,(anonymous_36)
FNDA:0,(anonymous_37)
FNDA:0,(anonymous_38)
FNDA:0,(anonymous_39)
FNDA:0,(anonymous_40)
FNDA:0,(anonymous_41)
FNDA:0,(anonymous_42)
FNDA:0,storageUserData
FNDA:0,(anonymous_44)
FNDA:0,(anonymous_45)
FNDA:0,(anonymous_46)
DA:9,0
DA:10,0
DA:25,0
DA:29,0
DA:33,0
DA:37,0
DA:41,0
DA:45,0
DA:49,0
DA:53,0
DA:57,0
DA:61,0
DA:65,0
DA:69,0
DA:73,0
DA:79,0
DA:83,0
DA:87,0
DA:91,0
DA:95,0
DA:99,0
DA:103,0
DA:107,0
DA:111,0
DA:117,0
DA:121,0
DA:125,0
DA:129,0
DA:134,0
DA:139,0
DA:144,0
DA:149,0
DA:154,0
DA:159,0
DA:164,0
DA:169,0
DA:174,0
DA:180,0
DA:184,0
DA:188,0
DA:192,0
DA:198,0
DA:204,0
DA:209,0
DA:210,0
DA:212,0
DA:213,0
DA:214,0
DA:215,0
DA:216,0
DA:219,0
DA:220,0
DA:221,0
DA:223,0
DA:226,0
DA:227,0
DA:229,0
DA:235,0
DA:237,0
DA:238,0
DA:239,0
DA:240,0
DA:241,0
DA:242,0
DA:248,0
DA:249,0
DA:250,0
DA:251,0
LF:68
LH:0
BRDA:209,0,0,0
BRDA:209,0,1,0
BRDA:213,1,0,0
BRDA:213,1,1,0
BRDA:216,2,0,0
BRDA:216,2,1,0
BRDA:219,3,0,0
BRDA:219,3,1,0
BRDA:220,4,0,0
BRDA:220,4,1,0
BRDA:226,5,0,0
BRDA:226,5,1,0
BRDA:238,6,0,0
BRDA:238,6,1,0
BRDA:239,7,0,0
BRDA:239,7,1,0
BRDA:240,8,0,0
BRDA:240,8,1,0
BRDA:241,9,0,0
BRDA:241,9,1,0
BRDA:251,10,0,0
BRDA:251,10,1,0
BRF:22
BRH:0
end_of_record
TN:
SF:src\store.js
FN:7,(anonymous_0)
FN:11,(anonymous_1)
FNF:2
FNH:0
FNDA:0,(anonymous_0)
FNDA:0,(anonymous_1)
DA:2,0
DA:7,0
DA:12,0
LF:3
LH:0
BRF:0
BRH:0
end_of_record
TN:
SF:src\components\downloadCsv.js
FN:1,downloadCsv
FN:3,(anonymous_1)
FN:7,(anonymous_2)
FN:7,(anonymous_3)
FNF:4
FNH:0
FNDA:0,downloadCsv
FNDA:0,(anonymous_1)
FNDA:0,(anonymous_2)
FNDA:0,(anonymous_3)
DA:2,0
DA:3,0
DA:4,0
DA:5,0
DA:7,0
DA:9,0
LF:6
LH:0
BRDA:3,0,0,0
BRDA:3,0,1,0
BRF:2
BRH:0
end_of_record
TN:
SF:src\components\api_data\userData.js
FNF:0
FNH:0
LF:0
LH:0
BRF:0
BRH:0
end_of_record
TN:
SF:src\components\bc_api\run.js
FN:23,getData
FN:39,runScript
FN:47,(anonymous_2)
FN:53,getEntityPage
FN:61,(anonymous_4)
FN:67,getUserData
FN:77,getUserDataByPid
FN:83,getUserDataByName
FN:89,getUserCharacters
FN:99,getUserCharactersByPid
FN:105,getUserCharactersByName
FNF:11
FNH:0
FNDA:0,getData
FNDA:0,runScript
FNDA:0,(anonymous_2)
FNDA:0,getEntityPage
FNDA:0,(anonymous_4)
FNDA:0,getUserData
FNDA:0,getUserDataByPid
FNDA:0,getUserDataByName
FNDA:0,getUserCharacters
FNDA:0,getUserCharactersByPid
FNDA:0,getUserCharactersByName
DA:3,0
DA:4,0
DA:12,0
DA:24,0
DA:36,0
DA:40,0
DA:41,0
DA:42,0
DA:43,0
DA:44,0
DA:47,0
DA:48,0
DA:49,0
DA:54,0
DA:55,0
DA:56,0
DA:57,0
DA:58,0
DA:61,0
DA:62,0
DA:63,0
DA:68,0
DA:69,0
DA:70,0
DA:71,0
DA:72,0
DA:74,0
DA:78,0
DA:84,0
DA:90,0
DA:91,0
DA:92,0
DA:93,0
DA:94,0
DA:96,0
DA:100,0
DA:106,0
LF:37
LH:0
BRF:0
BRH:0
end_of_record
TN:
SF:src\components\fill_data\IapData.js
FNF:0
FNH:0
LF:0
LH:0
BRF:0
BRH:0
end_of_record
TN:
SF:src\components\fill_data\adClick.js
FNF:0
FNH:0
LF:0
LH:0
BRF:0
BRH:0
end_of_record
TN:
SF:src\components\fill_data\bindData.js
FNF:0
FNH:0
LF:0
LH:0
BRF:0
BRH:0
end_of_record
TN:
SF:src\components\fill_data\charactersData.js
FNF:0
FNH:0
LF:0
LH:0
BRF:0
BRH:0
end_of_record
TN:
SF:src\components\fill_data\charactersTotal.js
FNF:0
FNH:0
DA:1,0
DA:116,0
DA:179,0
LF:3
LH:0
BRF:0
BRH:0
end_of_record
TN:
SF:src\components\fill_data\charactersUpdate.js
FNF:0
FNH:0
LF:0
LH:0
BRF:0
BRH:0
end_of_record
TN:
SF:src\components\fill_data\dailySpinData.js
FNF:0
FNH:0
LF:0
LH:0
BRF:0
BRH:0
end_of_record
TN:
SF:src\components\fill_data\deleteResourceList.js
FNF:0
FNH:0
LF:0
LH:0
BRF:0
BRH:0
end_of_record
TN:
SF:src\components\fill_data\eventData.js
FNF:0
FNH:0
LF:0
LH:0
BRF:0
BRH:0
end_of_record
TN:
SF:src\components\fill_data\giftboxList.js
FNF:0
FNH:0
LF:0
LH:0
BRF:0
BRH:0
end_of_record
TN:
SF:src\components\fill_data\lockOutUser.js
FNF:0
FNH:0
LF:0
LH:0
BRF:0
BRH:0
end_of_record
TN:
SF:src\components\fill_data\loginData.js
FNF:0
FNH:0
LF:0
LH:0
BRF:0
BRH:0
end_of_record
TN:
SF:src\components\fill_data\mailData.js
FNF:0
FNH:0
LF:0
LH:0
BRF:0
BRH:0
end_of_record
TN:
SF:src\components\fill_data\mallData.js
FNF:0
FNH:0
LF:0
LH:0
BRF:0
BRH:0
end_of_record
TN:
SF:src\components\fill_data\receiveLifeData.js
FNF:0
FNH:0
LF:0
LH:0
BRF:0
BRH:0
end_of_record
TN:
SF:src\components\fill_data\reflowData.js
FNF:0
FNH:0
DA:1,0
DA:264,0
LF:2
LH:0
BRF:0
BRH:0
end_of_record
TN:
SF:src\components\fill_data\resourcesTotal.js
FNF:0
FNH:0
LF:0
LH:0
BRF:0
BRH:0
end_of_record
TN:
SF:src\components\fill_data\retentionData.js
FNF:0
FNH:0
DA:1,0
DA:1339,0
DA:1553,0
LF:3
LH:0
BRF:0
BRH:0
end_of_record
TN:
SF:src\components\fill_data\serialCodeList.js
FNF:0
FNH:0
LF:0
LH:0
BRF:0
BRH:0
end_of_record
TN:
SF:src\components\fill_data\serverData.js
FNF:0
FNH:0
LF:0
LH:0
BRF:0
BRH:0
end_of_record
TN:
SF:src\components\fill_data\serverLog.js
FNF:0
FNH:0
LF:0
LH:0
BRF:0
BRH:0
end_of_record
TN:
SF:src\components\fill_data\serverMail.js
FNF:0
FNH:0
LF:0
LH:0
BRF:0
BRH:0
end_of_record
TN:
SF:src\components\fill_data\serverStatus.js
FNF:0
FNH:0
LF:0
LH:0
BRF:0
BRH:0
end_of_record
TN:
SF:src\components\fill_data\stageData.js
FNF:0
FNH:0
LF:0
LH:0
BRF:0
BRH:0
end_of_record
TN:
SF:src\components\fill_data\userData.js
FNF:0
FNH:0
DA:1,0
DA:17,0
LF:2
LH:0
BRF:0
BRH:0
end_of_record
TN:
SF:src\js\firebase.js
FNF:0
FNH:0
DA:5,0
DA:16,0
DA:17,0
DA:18,0
LF:4
LH:0
BRF:0
BRH:0
end_of_record
TN:
SF:src\js\mainMenuList.js
FNF:0
FNH:0
LF:0
LH:0
BRF:0
BRH:0
end_of_record
